Line 19: Class MSComDlg.CommonDialog of control CommonDialog2 was not a loaded control class.
Line 26: Class MSComDlg.CommonDialog of control CommonDialog1 was not a loaded control class.
Line 33: Class ACTIVESKINLibCtl.SkinLabel of control SkinLabel1 was not a loaded control class.
Line 41: Class SHDocVwCtl.WebBrowser of control WebBrowser1 was not a loaded control class.
Line 91: Class ACTIVESKINLibCtl.Skin of control Skin1 was not a loaded control class.
Line 22: The property name _ExtentX in CommonDialog2 is invalid.
Line 23: The property name _ExtentY in CommonDialog2 is invalid.
Line 24: The property name _Version in CommonDialog2 is invalid.
Line 29: The property name _ExtentX in CommonDialog1 is invalid.
Line 30: The property name _ExtentY in CommonDialog1 is invalid.
Line 31: The property name _Version in CommonDialog1 is invalid.
Line 36: The property name OleObjectBlob in SkinLabel1 is invalid.
Line 47: The property name ExtentX in WebBrowser1 is invalid.
Line 48: The property name ExtentY in WebBrowser1 is invalid.
Line 49: The property name ViewMode in WebBrowser1 is invalid.
Line 50: The property name Offline in WebBrowser1 is invalid.
Line 51: The property name Silent in WebBrowser1 is invalid.
Line 52: The property name RegisterAsBrowser in WebBrowser1 is invalid.
Line 53: The property name RegisterAsDropTarget in WebBrowser1 is invalid.
Line 54: The property name AutoArrange in WebBrowser1 is invalid.
Line 55: The property name NoClientEdge in WebBrowser1 is invalid.
Line 56: The property name AlignLeft in WebBrowser1 is invalid.
Line 57: The property name NoWebView in WebBrowser1 is invalid.
Line 58: The property name HideFileNames in WebBrowser1 is invalid.
Line 59: The property name SingleClick in WebBrowser1 is invalid.
Line 60: The property name SingleSelection in WebBrowser1 is invalid.
Line 61: The property name NoFolders in WebBrowser1 is invalid.
Line 62: The property name Transparent in WebBrowser1 is invalid.
Line 63: The property name ViewID in WebBrowser1 is invalid.
Line 64: The property name Location in WebBrowser1 is invalid.
Line 93: The property name OleObjectBlob in Skin1 is invalid.
