Line 27: Class MSComDlg.CommonDialog of control CommonDialog1 was not a loaded control class.
Line 34: Class SHDocVwCtl.WebBrowser of control WebBrowser1 was not a loaded control class.
Line 59: Class RichTextLib.RichTextBox of control RichTextBox1 was not a loaded control class.
Line 30: The property name _ExtentX in CommonDialog1 is invalid.
Line 31: The property name _ExtentY in CommonDialog1 is invalid.
Line 32: The property name _Version in CommonDialog1 is invalid.
Line 40: The property name ExtentX in WebBrowser1 is invalid.
Line 41: The property name ExtentY in WebBrowser1 is invalid.
Line 42: The property name ViewMode in WebBrowser1 is invalid.
Line 43: The property name Offline in WebBrowser1 is invalid.
Line 44: The property name Silent in WebBrowser1 is invalid.
Line 45: The property name RegisterAsBrowser in WebBrowser1 is invalid.
Line 46: The property name RegisterAsDropTarget in WebBrowser1 is invalid.
Line 47: The property name AutoArrange in WebBrowser1 is invalid.
Line 48: The property name NoClientEdge in WebBrowser1 is invalid.
Line 49: The property name AlignLeft in WebBrowser1 is invalid.
Line 50: The property name NoWebView in WebBrowser1 is invalid.
Line 51: The property name HideFileNames in WebBrowser1 is invalid.
Line 52: The property name SingleClick in WebBrowser1 is invalid.
Line 53: The property name SingleSelection in WebBrowser1 is invalid.
Line 54: The property name NoFolders in WebBrowser1 is invalid.
Line 55: The property name Transparent in WebBrowser1 is invalid.
Line 56: The property name ViewID in WebBrowser1 is invalid.
Line 57: The property name Location in WebBrowser1 is invalid.
Line 65: The property name _ExtentX in RichTextBox1 is invalid.
Line 66: The property name _ExtentY in RichTextBox1 is invalid.
Line 67: The property name _Version in RichTextBox1 is invalid.
Line 69: The property name ScrollBars in RichTextBox1 is invalid.
Line 70: The property name TextRTF in RichTextBox1 is invalid.
Line 30: The property name _ExtentX in CommonDialog1 is invalid.
Line 31: The property name _ExtentY in CommonDialog1 is invalid.
Line 32: The property name _Version in CommonDialog1 is invalid.
Line 40: The property name ExtentX in WebBrowser1 is invalid.
Line 41: The property name ExtentY in WebBrowser1 is invalid.
Line 42: The property name ViewMode in WebBrowser1 is invalid.
Line 43: The property name Offline in WebBrowser1 is invalid.
Line 44: The property name Silent in WebBrowser1 is invalid.
Line 45: The property name RegisterAsBrowser in WebBrowser1 is invalid.
Line 46: The property name RegisterAsDropTarget in WebBrowser1 is invalid.
Line 47: The property name AutoArrange in WebBrowser1 is invalid.
Line 48: The property name NoClientEdge in WebBrowser1 is invalid.
Line 49: The property name AlignLeft in WebBrowser1 is invalid.
Line 50: The property name NoWebView in WebBrowser1 is invalid.
Line 51: The property name HideFileNames in WebBrowser1 is invalid.
Line 52: The property name SingleClick in WebBrowser1 is invalid.
Line 53: The property name SingleSelection in WebBrowser1 is invalid.
Line 54: The property name NoFolders in WebBrowser1 is invalid.
Line 55: The property name Transparent in WebBrowser1 is invalid.
Line 56: The property name ViewID in WebBrowser1 is invalid.
Line 57: The property name Location in WebBrowser1 is invalid.
Line 65: The property name _ExtentX in RichTextBox1 is invalid.
Line 66: The property name _ExtentY in RichTextBox1 is invalid.
Line 67: The property name _Version in RichTextBox1 is invalid.
Line 69: The property name ScrollBars in RichTextBox1 is invalid.
Line 70: The property name TextRTF in RichTextBox1 is invalid.
