Line 17: Class VistaSuitePro.OsenVistaButton of control command1 was not a loaded control class.
Line 45: Class VistaSuitePro.OsenVistaTextBox of control txtPassword was not a loaded control class.
Line 88: Class VistaSuitePro.OsenVistaTextBox of control TxtUser was not a loaded control class.
Line 23: The property name _ExtentX in command1 is invalid.
Line 24: The property name _ExtentY in command1 is invalid.
Line 25: The property name Caption in command1 is invalid.
Line 35: The property name MCOL in command1 is invalid.
Line 36: The property name MPTR in command1 is invalid.
Line 37: The property name MICON in command1 is invalid.
Line 38: The property name UMCOL in command1 is invalid.
Line 39: The property name OffsetLeft in command1 is invalid.
Line 40: The property name OffsetTop in command1 is invalid.
Line 41: The property name Style in command1 is invalid.
Line 42: The property name BinaryImageNormal in command1 is invalid.
Line 43: The property name BinaryImageOver in command1 is invalid.
Line 51: The property name _ExtentX in txtPassword is invalid.
Line 52: The property name _ExtentY in txtPassword is invalid.
Line 64: The property name MaxLength in txtPassword is invalid.
Line 65: The property name BorderColor in txtPassword is invalid.
Line 66: The property name PasswordChar in txtPassword is invalid.
Line 67: The property name BorderColorOver in txtPassword is invalid.
Line 76: The property name ButtonFont in txtPassword is invalid.
Line 77: The property name ButtonGradient in txtPassword is invalid.
Line 86: The property name LabelFont in txtPassword is invalid.
Line 94: The property name _ExtentX in TxtUser is invalid.
Line 95: The property name _ExtentY in TxtUser is invalid.
Line 107: The property name MaxLength in TxtUser is invalid.
Line 108: The property name BorderColor in TxtUser is invalid.
Line 109: The property name BorderColorOver in TxtUser is invalid.
Line 118: The property name ButtonFont in TxtUser is invalid.
Line 119: The property name ButtonGradient in TxtUser is invalid.
Line 128: The property name LabelFont in TxtUser is invalid.
